<?xml version="1.0" encoding="UTF-8"?>
<testsuite name="it.unibo.deathnote.TestDeathNote" tests="5" skipped="0" failures="0" errors="0" timestamp="2023-11-19T17:51:32" hostname="samu-arch-laptop" time="6.234">
  <properties/>
  <testcase name="testRulesNeitherNullNorEmpty()" classname="it.unibo.deathnote.TestDeathNote" time="0.017"/>
  <testcase name="testDeathHappensInTime()" classname="it.unibo.deathnote.TestDeathNote" time="0.104"/>
  <testcase name="testRulesImplementation()" classname="it.unibo.deathnote.TestDeathNote" time="0.005"/>
  <testcase name="testDetailsTrueInTime()" classname="it.unibo.deathnote.TestDeathNote" time="6.102"/>
  <testcase name="testHumanShallEventuallyDie()" classname="it.unibo.deathnote.TestDeathNote" time="0.001"/>
  <system-out><![CDATA[]]></system-out>
  <system-err><![CDATA[]]></system-err>
</testsuite>
